<?xml version="1.0" encoding="UTF-8"?>
<!-- Generated by org.testng.reporters.JUnitReportReporter -->
<testsuite skipped="0" hostname="DESKTOP-3BI2RS7" name="Coding_Standard_Driverscript_Package.Driverscript_Class" tests="2" failures="0" timestamp="15 May 2019 18:48:12 GMT" time="59.890" errors="0">
  <testcase name="f" time="0.036" classname="Coding_Standard_Driverscript_Package.Driverscript_Class"/>
  <testcase name="launch_Browser_Setup" time="59.854" classname="Coding_Standard_Driverscript_Package.Driverscript_Class"/>
</testsuite> <!-- Coding_Standard_Driverscript_Package.Driverscript_Class -->
