<?xml version="1.0" encoding="UTF-8"?>
<!-- Generated by org.testng.reporters.JUnitReportReporter -->
<testsuite skipped="0" hostname="DESKTOP-3BI2RS7" name="iLAB_Driver_Script_Package.Driver_Script" tests="1" failures="0" timestamp="16 May 2019 19:59:10 GMT" time="92.383" errors="0">
  <testcase name="launch_Browser_Setup" time="92.383" classname="iLAB_Driver_Script_Package.Driver_Script"/>
</testsuite> <!-- iLAB_Driver_Script_Package.Driver_Script -->
